<?xml version="1.0" encoding="UTF-8"?><testsuite errors="2" failures="0" name="Renfe booking" skipped="0" tests="2" time="8.76" timestamp="2019-08-22T12:21:57.340321400+02:00[Europe/Paris]"><testcase name="Search for a trip"><error type="java.lang.NullPointerException"/><system-err>null&#13;
com.page.RenfeSearchPageRemoteDriver.&lt;init&gt;(RenfeSearchPageRemoteDriver.java:70)&#13;
com.serenitySteps.RenfeSearchSteps.openRenfeSearchPage(RenfeSearchSteps.java:22)&#13;
com.stepDefinitions.RenfeSearchStepDefinitions.iWantToSearchTrainTickets(RenfeSearchStepDefinitions.java:22)&#13;
✽.I want to search train tickets(src/test/resources/features/renfeSearch.feature:4)&#13;
</system-err></testcase></testsuite>